0 info it worked if it ends with ok
1 verbose cli [ '/usr/local/bin/node',
1 verbose cli   '/usr/local/bin/npm',
1 verbose cli   'run-script',
1 verbose cli   'test' ]
2 info using npm@1.4.28
3 info using node@v0.10.40
4 verbose run-script [ 'pretest', 'test', 'posttest' ]
5 info pretest orange@0.0.1
6 info test orange@0.0.1
7 verbose unsafe-perm in lifecycle true
8 info orange@0.0.1 Failed to exec test script
9 error orange@0.0.1 test: `echo "Error: no test specified" && exit 1`
9 error Exit status 1
10 error Failed at the orange@0.0.1 test script.
10 error This is most likely a problem with the orange package,
10 error not with npm itself.
10 error Tell the author that this fails on your system:
10 error     echo "Error: no test specified" && exit 1
10 error You can get their info via:
10 error     npm owner ls orange
10 error There is likely additional logging output above.
11 error System Linux 4.2.0-23-generic
12 error command "/usr/local/bin/node" "/usr/local/bin/npm" "run-script" "test"
13 error cwd /home/yuriy_kabay/projects/orange
14 error node -v v0.10.40
15 error npm -v 1.4.28
16 error code ELIFECYCLE
17 verbose exit [ 1, true ]
